2023-11-10 15:56:27 admin LOGIN
2023-11-10 15:56:45 admin LOGOUT
2023-11-10 15:56:54 j LOGIN
2023-11-10 15:56:56 j LOGOUT
2023-11-10 16:01:44 admin LOGIN
2023-11-10 16:44:13 admin LOGIN
2023-11-10 17:08:58 admin LOGIN
2023-11-10 17:11:00 admin LOGOUT
2023-11-10 21:23:28 admin LOGIN
2023-11-10 21:25:58 admin LOGIN
2023-11-10 21:27:53 admin LOGIN
2023-11-10 21:33:32 admin LOGIN
2023-11-10 21:39:05 admin LOGIN
2023-11-10 21:42:56 admin LOGIN
2023-11-10 21:47:35 admin LOGIN
2023-11-10 21:48:34 admin LOGOUT
<<<<<<< Updated upstream
2023-11-15 00:32:05 admin LOGIN
2023-11-15 00:32:12 admin LOGOUT
=======
2023-11-13 16:45:39 admin LOGIN
>>>>>>> Stashed changes
2023-12-06 12:06:31 admin LOGIN
2023-12-06 12:06:46 admin LOGOUT
2023-12-06 12:06:53 admin LOGIN
2023-12-06 12:08:04 admin LOGOUT
2023-12-06 12:08:18 julio LOGIN
